Build started 2014/10/23 16:10:48.
     1>Project "D:\projects\szj_repos\c_c++\stl\map\map_demo\map_demo.vcxproj" on node 2 (build target(s)).
     1>InitializeBuildStatus:
         Creating "Debug\map_demo.unsuccessfulbuild" because "AlwaysCreate" was specified.
       ClCompile:
         C:\Program Files (x86)\Microsoft Visual Studio 10.0\VC\bin\CL.exe /c /ZI /nologo /W3 /WX- /Od /Oy- /D WIN32 /D _DEBUG /D _CONSOLE /D _UNICODE /D UNICODE /Gm /EHsc /RTC1 /MDd /GS /fp:precise /Zc:wchar_t /Zc:forScope /Yu"StdAfx.h" /Fp"Debug\map_demo.pch" /Fo"Debug\\" /Fd"Debug\vc100.pdb" /Gd /TP /analyze- /errorReport:prompt map_demo.cpp
         map_demo.cpp
       ManifestResourceCompile:
         All outputs are up-to-date.
       Link:
         C:\Program Files (x86)\Microsoft Visual Studio 10.0\VC\bin\link.exe /ERRORREPORT:PROMPT /OUT:"D:\projects\szj_repos\c_c++\stl\map\map_demo\Debug\map_demo.exe" /INCREMENTAL /NOLOGO kernel32.lib user32.lib gdi32.lib winspool.lib comdlg32.lib advapi32.lib shell32.lib ole32.lib oleaut32.lib uuid.lib odbc32.lib odbccp32.lib /MANIFEST /ManifestFile:"Debug\map_demo.exe.intermediate.manifest" /MANIFESTUAC:"level='asInvoker' uiAccess='false'" /DEBUG /PDB:"D:\projects\szj_repos\c_c++\stl\map\map_demo\Debug\map_demo.pdb" /SUBSYSTEM:CONSOLE /TLBID:1 /DYNAMICBASE /NXCOMPAT /IMPLIB:"D:\projects\szj_repos\c_c++\stl\map\map_demo\Debug\map_demo.lib" /MACHINE:X86 Debug\map_demo.exe.embed.manifest.res
         Debug\map_demo.obj
         Debug\stdafx.obj
       Manifest:
         C:\Program Files (x86)\Microsoft SDKs\Windows\v7.0A\bin\mt.exe /nologo /verbose /out:"Debug\map_demo.exe.embed.manifest" /manifest Debug\map_demo.exe.intermediate.manifest
         All outputs are up-to-date.
       LinkEmbedManifest:
         All outputs are up-to-date.
         map_demo.vcxproj -> D:\projects\szj_repos\c_c++\stl\map\map_demo\Debug\map_demo.exe
       FinalizeBuildStatus:
         Deleting file "Debug\map_demo.unsuccessfulbuild".
         Touching "Debug\map_demo.lastbuildstate".
     1>Done Building Project "D:\projects\szj_repos\c_c++\stl\map\map_demo\map_demo.vcxproj" (build target(s)).

Build succeeded.

Time Elapsed 00:00:00.63
