Build started 2013/8/26 17:50:21.
     1>Project "D:\projects\szj_repos\c_c++\addressof\addressof.vcxproj" on node 2 (build target(s)).
     1>InitializeBuildStatus:
         Creating "Debug\addressof.unsuccessfulbuild" because "AlwaysCreate" was specified.
       ClCompile:
         C:\Program Files (x86)\Microsoft Visual Studio 10.0\VC\bin\CL.exe /c /ZI /nologo /W3 /WX- /Od /Oy- /D WIN32 /D _DEBUG /D _CONSOLE /D _UNICODE /D UNICODE /Gm /EHsc /RTC1 /MDd /GS /fp:precise /Zc:wchar_t /Zc:forScope /Yc"StdAfx.h" /Fp"Debug\addressof.pch" /Fo"Debug\\" /Fd"Debug\vc100.pdb" /Gd /TP /analyze- /errorReport:prompt stdafx.cpp
         stdafx.cpp
         C:\Program Files (x86)\Microsoft Visual Studio 10.0\VC\bin\CL.exe /c /ZI /nologo /W3 /WX- /Od /Oy- /D WIN32 /D _DEBUG /D _CONSOLE /D _UNICODE /D UNICODE /Gm /EHsc /RTC1 /MDd /GS /fp:precise /Zc:wchar_t /Zc:forScope /Yu"StdAfx.h" /Fp"Debug\addressof.pch" /Fo"Debug\\" /Fd"Debug\vc100.pdb" /Gd /TP /analyze- /errorReport:prompt addressof.cpp
         addressof.cpp
       ManifestResourceCompile:
         C:\Program Files (x86)\Microsoft SDKs\Windows\v7.0A\bin\rc.exe /nologo /fo"Debug\addressof.exe.embed.manifest.res" Debug\addressof_manifest.rc 
       Link:
         C:\Program Files (x86)\Microsoft Visual Studio 10.0\VC\bin\link.exe /ERRORREPORT:PROMPT /OUT:"D:\projects\szj_repos\c_c++\Debug\addressof.exe" /INCREMENTAL /NOLOGO kernel32.lib user32.lib gdi32.lib winspool.lib comdlg32.lib advapi32.lib shell32.lib ole32.lib oleaut32.lib uuid.lib odbc32.lib odbccp32.lib /MANIFEST /ManifestFile:"Debug\addressof.exe.intermediate.manifest" /MANIFESTUAC:"level='asInvoker' uiAccess='false'" /DEBUG /PDB:"D:\projects\szj_repos\c_c++\Debug\addressof.pdb" /SUBSYSTEM:CONSOLE /TLBID:1 /DYNAMICBASE /NXCOMPAT /IMPLIB:"D:\projects\szj_repos\c_c++\Debug\addressof.lib" /MACHINE:X86 Debug\addressof.exe.embed.manifest.res
         Debug\addressof.obj
         Debug\stdafx.obj
       Manifest:
         C:\Program Files (x86)\Microsoft SDKs\Windows\v7.0A\bin\mt.exe /nologo /verbose /out:"Debug\addressof.exe.embed.manifest" /manifest Debug\addressof.exe.intermediate.manifest
         C:\Program Files (x86)\Microsoft SDKs\Windows\v7.0A\bin\rc.exe /nologo /fo"Debug\addressof.exe.embed.manifest.res" Debug\addressof_manifest.rc 
       LinkEmbedManifest:
         C:\Program Files (x86)\Microsoft Visual Studio 10.0\VC\bin\link.exe /ERRORREPORT:PROMPT /OUT:"D:\projects\szj_repos\c_c++\Debug\addressof.exe" /INCREMENTAL /NOLOGO kernel32.lib user32.lib gdi32.lib winspool.lib comdlg32.lib advapi32.lib shell32.lib ole32.lib oleaut32.lib uuid.lib odbc32.lib odbccp32.lib /MANIFEST /ManifestFile:"Debug\addressof.exe.intermediate.manifest" /MANIFESTUAC:"level='asInvoker' uiAccess='false'" /DEBUG /PDB:"D:\projects\szj_repos\c_c++\Debug\addressof.pdb" /SUBSYSTEM:CONSOLE /TLBID:1 /DYNAMICBASE /NXCOMPAT /IMPLIB:"D:\projects\szj_repos\c_c++\Debug\addressof.lib" /MACHINE:X86 Debug\addressof.exe.embed.manifest.res
         Debug\addressof.obj
         Debug\stdafx.obj
         addressof.vcxproj -> D:\projects\szj_repos\c_c++\Debug\addressof.exe
       FinalizeBuildStatus:
         Deleting file "Debug\addressof.unsuccessfulbuild".
         Touching "Debug\addressof.lastbuildstate".
     1>Done Building Project "D:\projects\szj_repos\c_c++\addressof\addressof.vcxproj" (build target(s)).

Build succeeded.

Time Elapsed 00:00:01.16
