This file contains any messages produced by compilers while
running configure, to aid debugging if configure makes a mistake.

It was created by configure, which was
generated by GNU Autoconf 2.63.  Invocation command line was

  $ ./configure 

## --------- ##
## Platform. ##
## --------- ##

hostname = bf.szj0306.localhost
uname -m = x86_64
uname -r = 2.6.32-279.9.1.el6.centos.plus.x86_64
uname -s = Linux
uname -v = #1 SMP Wed Sep 26 03:52:55 UTC 2012

/usr/bin/uname -p = unknown
/bin/uname -X     = unknown

/bin/arch              = x86_64
/usr/bin/arch -k       = unknown
/usr/convex/getsysinfo = unknown
/usr/bin/hostinfo      = unknown
/bin/machine           = unknown
/usr/bin/oslevel       = unknown
/bin/universe          = unknown

PATH: /usr/lib64/qt-3.3/bin
PATH: /usr/local/bin
PATH: /bin
PATH: /usr/bin
PATH: /usr/local/sbin
PATH: /usr/sbin
PATH: /sbin
PATH: /home/szj0306/bin


## ----------- ##
## Core tests. ##
## ----------- ##

configure:1839: checking for a BSD-compatible install
configure:1907: result: /usr/bin/install -c
configure:1918: checking whether build environment is sane
configure:1978: result: yes
configure:2119: checking for a thread-safe mkdir -p
configure:2158: result: /bin/mkdir -p
configure:2171: checking for gawk
configure:2187: found /bin/gawk
configure:2198: result: gawk
configure:2209: checking whether make sets $(MAKE)
configure:2231: result: yes
configure:2347: checking for cppunit-config
configure:2365: found /usr/bin/cppunit-config
configure:2378: result: /usr/bin/cppunit-config
configure:2388: checking for Cppunit - version >= 1.9.6
configure:2434: result: 1.12.1
configure:2512: checking for g++
configure:2528: found /usr/bin/g++
configure:2539: result: g++
configure:2566: checking for C++ compiler version
configure:2574: g++ --version >&5
g++ (GCC) 4.4.6 20120305 (Red Hat 4.4.6-4)
Copyright (C) 2010 Free Software Foundation, Inc.
This is free software; see the source for copying conditions.  There is NO
warranty; not even for MERCHANTABILITY or FITNESS FOR A PARTICULAR PURPOSE.

configure:2578: $? = 0
configure:2585: g++ -v >&5
Using built-in specs.
Target: x86_64-redhat-linux
Configured with: ../configure --prefix=/usr --mandir=/usr/share/man --infodir=/usr/share/info --with-bugurl=http://bugzilla.redhat.com/bugzilla --enable-bootstrap --enable-shared --enable-threads=posix --enable-checking=release --with-system-zlib --enable-__cxa_atexit --disable-libunwind-exceptions --enable-gnu-unique-object --enable-languages=c,c++,objc,obj-c++,java,fortran,ada --enable-java-awt=gtk --disable-dssi --with-java-home=/usr/lib/jvm/java-1.5.0-gcj-1.5.0.0/jre --enable-libgcj-multifile --enable-java-maintainer-mode --with-ecj-jar=/usr/share/java/eclipse-ecj.jar --disable-libjava-multilib --with-ppl --with-cloog --with-tune=generic --with-arch_32=i686 --build=x86_64-redhat-linux
Thread model: posix
gcc version 4.4.6 20120305 (Red Hat 4.4.6-4) (GCC) 
configure:2589: $? = 0
configure:2596: g++ -V >&5
g++: '-V' option must have argument
configure:2600: $? = 1
configure:2623: checking for C++ compiler default output file name
configure:2645: g++    conftest.cpp  >&5
configure:2649: $? = 0
configure:2687: result: a.out
configure:2706: checking whether the C++ compiler works
configure:2716: ./a.out
configure:2720: $? = 0
configure:2739: result: yes
configure:2746: checking whether we are cross compiling
configure:2748: result: no
configure:2751: checking for suffix of executables
configure:2758: g++ -o conftest    conftest.cpp  >&5
configure:2762: $? = 0
configure:2788: result: 
configure:2794: checking for suffix of object files
configure:2820: g++ -c   conftest.cpp >&5
configure:2824: $? = 0
configure:2849: result: o
configure:2853: checking whether we are using the GNU C++ compiler
configure:2882: g++ -c   conftest.cpp >&5
configure:2889: $? = 0
configure:2906: result: yes
configure:2915: checking whether g++ accepts -g
configure:2945: g++ -c -g  conftest.cpp >&5
configure:2952: $? = 0
configure:3053: result: yes
configure:3087: checking for style of include used by make
configure:3115: result: GNU
configure:3140: checking dependency style of g++
configure:3250: result: gcc3
configure:3313: checking for gcc
configure:3329: found /usr/bin/gcc
configure:3340: result: gcc
configure:3572: checking for C compiler version
configure:3580: gcc --version >&5
gcc (GCC) 4.4.6 20120305 (Red Hat 4.4.6-4)
Copyright (C) 2010 Free Software Foundation, Inc.
This is free software; see the source for copying conditions.  There is NO
warranty; not even for MERCHANTABILITY or FITNESS FOR A PARTICULAR PURPOSE.

configure:3584: $? = 0
configure:3591: gcc -v >&5
Using built-in specs.
Target: x86_64-redhat-linux
Configured with: ../configure --prefix=/usr --mandir=/usr/share/man --infodir=/usr/share/info --with-bugurl=http://bugzilla.redhat.com/bugzilla --enable-bootstrap --enable-shared --enable-threads=posix --enable-checking=release --with-system-zlib --enable-__cxa_atexit --disable-libunwind-exceptions --enable-gnu-unique-object --enable-languages=c,c++,objc,obj-c++,java,fortran,ada --enable-java-awt=gtk --disable-dssi --with-java-home=/usr/lib/jvm/java-1.5.0-gcj-1.5.0.0/jre --enable-libgcj-multifile --enable-java-maintainer-mode --with-ecj-jar=/usr/share/java/eclipse-ecj.jar --disable-libjava-multilib --with-ppl --with-cloog --with-tune=generic --with-arch_32=i686 --build=x86_64-redhat-linux
Thread model: posix
gcc version 4.4.6 20120305 (Red Hat 4.4.6-4) (GCC) 
configure:3595: $? = 0
configure:3602: gcc -V >&5
gcc: '-V' option must have argument
configure:3606: $? = 1
configure:3609: checking whether we are using the GNU C compiler
configure:3638: gcc -c   conftest.c >&5
configure:3645: $? = 0
configure:3662: result: yes
configure:3671: checking whether gcc accepts -g
configure:3701: gcc -c -g  conftest.c >&5
configure:3708: $? = 0
configure:3809: result: yes
configure:3826: checking for gcc option to accept ISO C89
configure:3900: gcc  -c -g -O2  conftest.c >&5
configure:3907: $? = 0
configure:3930: result: none needed
configure:3950: checking dependency style of gcc
configure:4060: result: gcc3
configure:4089: checking for a BSD-compatible install
configure:4157: result: /usr/bin/install -c
configure:4337: creating ./config.status

## ---------------------- ##
## Running config.status. ##
## ---------------------- ##

This file was extended by config.status, which was
generated by GNU Autoconf 2.63.  Invocation command line was

  CONFIG_FILES    = 
  CONFIG_HEADERS  = 
  CONFIG_LINKS    = 
  CONFIG_COMMANDS = 
  $ ./config.status 

on bf.szj0306.localhost

config.status:698: creating Makefile
config.status:909: executing depfiles commands

## ---------------- ##
## Cache variables. ##
## ---------------- ##

ac_cv_c_compiler_gnu=yes
ac_cv_cxx_compiler_gnu=yes
ac_cv_env_CCC_set=
ac_cv_env_CCC_value=
ac_cv_env_CC_set=
ac_cv_env_CC_value=
ac_cv_env_CFLAGS_set=
ac_cv_env_CFLAGS_value=
ac_cv_env_CPPFLAGS_set=
ac_cv_env_CPPFLAGS_value=
ac_cv_env_CXXFLAGS_set=
ac_cv_env_CXXFLAGS_value=
ac_cv_env_CXX_set=
ac_cv_env_CXX_value=
ac_cv_env_LDFLAGS_set=
ac_cv_env_LDFLAGS_value=
ac_cv_env_LIBS_set=
ac_cv_env_LIBS_value=
ac_cv_env_build_alias_set=
ac_cv_env_build_alias_value=
ac_cv_env_host_alias_set=
ac_cv_env_host_alias_value=
ac_cv_env_target_alias_set=
ac_cv_env_target_alias_value=
ac_cv_objext=o
ac_cv_path_CPPUNIT_CONFIG=/usr/bin/cppunit-config
ac_cv_path_install='/usr/bin/install -c'
ac_cv_path_mkdir=/bin/mkdir
ac_cv_prog_AWK=gawk
ac_cv_prog_ac_ct_CC=gcc
ac_cv_prog_ac_ct_CXX=g++
ac_cv_prog_cc_c89=
ac_cv_prog_cc_g=yes
ac_cv_prog_cxx_g=yes
ac_cv_prog_make_make_set=yes
am_cv_CC_dependencies_compiler_type=gcc3
am_cv_CXX_dependencies_compiler_type=gcc3

## ----------------- ##
## Output variables. ##
## ----------------- ##

ACLOCAL='${SHELL} /home/szj0306/Documents/projects/mycodes/cppunit/missing --run aclocal-1.11'
AMDEPBACKSLASH='\'
AMDEP_FALSE='#'
AMDEP_TRUE=''
AMTAR='${SHELL} /home/szj0306/Documents/projects/mycodes/cppunit/missing --run tar'
AUTOCONF='${SHELL} /home/szj0306/Documents/projects/mycodes/cppunit/missing --run autoconf'
AUTOHEADER='${SHELL} /home/szj0306/Documents/projects/mycodes/cppunit/missing --run autoheader'
AUTOMAKE='${SHELL} /home/szj0306/Documents/projects/mycodes/cppunit/missing --run automake-1.11'
AWK='gawk'
CC='gcc'
CCDEPMODE='depmode=gcc3'
CFLAGS='-g -O2'
CPPFLAGS=''
CPPUNIT_CFLAGS=''
CPPUNIT_CONFIG='/usr/bin/cppunit-config'
CPPUNIT_LIBS='-lcppunit -ldl'
CXX='g++'
CXXDEPMODE='depmode=gcc3'
CXXFLAGS='-g -O2'
CYGPATH_W='echo'
DEFS='-DPACKAGE_NAME=\"\" -DPACKAGE_TARNAME=\"\" -DPACKAGE_VERSION=\"\" -DPACKAGE_STRING=\"\" -DPACKAGE_BUGREPORT=\"\" -DPACKAGE=\"money\" -DVERSION=\"0.1\"'
DEPDIR='.deps'
ECHO_C=''
ECHO_N='-n'
ECHO_T=''
EXEEXT=''
INSTALL_DATA='${INSTALL} -m 644'
INSTALL_PROGRAM='${INSTALL}'
INSTALL_SCRIPT='${INSTALL}'
INSTALL_STRIP_PROGRAM='$(install_sh) -c -s'
LDFLAGS=''
LIBOBJS=''
LIBS=''
LTLIBOBJS=''
MAKEINFO='${SHELL} /home/szj0306/Documents/projects/mycodes/cppunit/missing --run makeinfo'
MKDIR_P='/bin/mkdir -p'
OBJEXT='o'
PACKAGE='money'
PACKAGE_BUGREPORT=''
PACKAGE_NAME=''
PACKAGE_STRING=''
PACKAGE_TARNAME=''
PACKAGE_VERSION=''
PATH_SEPARATOR=':'
SET_MAKE=''
SHELL='/bin/sh'
STRIP=''
VERSION='0.1'
ac_ct_CC='gcc'
ac_ct_CXX='g++'
am__EXEEXT_FALSE=''
am__EXEEXT_TRUE='#'
am__fastdepCC_FALSE='#'
am__fastdepCC_TRUE=''
am__fastdepCXX_FALSE='#'
am__fastdepCXX_TRUE=''
am__include='include'
am__isrc=''
am__leading_dot='.'
am__quote=''
am__tar='${AMTAR} chof - "$$tardir"'
am__untar='${AMTAR} xf -'
bindir='${exec_prefix}/bin'
build_alias=''
datadir='${datarootdir}'
datarootdir='${prefix}/share'
docdir='${datarootdir}/doc/${PACKAGE}'
dvidir='${docdir}'
exec_prefix='${prefix}'
host_alias=''
htmldir='${docdir}'
includedir='${prefix}/include'
infodir='${datarootdir}/info'
install_sh='${SHELL} /home/szj0306/Documents/projects/mycodes/cppunit/install-sh'
libdir='${exec_prefix}/lib'
libexecdir='${exec_prefix}/libexec'
localedir='${datarootdir}/locale'
localstatedir='${prefix}/var'
mandir='${datarootdir}/man'
mkdir_p='/bin/mkdir -p'
oldincludedir='/usr/include'
pdfdir='${docdir}'
prefix='/usr/local'
program_transform_name='s,x,x,'
psdir='${docdir}'
sbindir='${exec_prefix}/sbin'
sharedstatedir='${prefix}/com'
sysconfdir='${prefix}/etc'
target_alias=''

## ----------- ##
## confdefs.h. ##
## ----------- ##

#define PACKAGE_NAME ""
#define PACKAGE_TARNAME ""
#define PACKAGE_VERSION ""
#define PACKAGE_STRING ""
#define PACKAGE_BUGREPORT ""
#define PACKAGE "money"
#define VERSION "0.1"

configure: exit 0
